Vivado Simulator 2015.2
Copyright 1986-1999, 2001-2015 Xilinx, Inc. All Rights Reserved.
Running: F:/Xilinx_Vivado_SDK_2015.2_0626_1/new/Vivado/2015.2/bin/unwrapped/win64.o/xelab.exe -wto 82101b162a07433c9a04dfe4e121ee89 --debug typical --relax --mt 2 --maxdelay -L xil_defaultlib -L simprims_ver -L secureip --snapshot maintb_time_impl -transport_int_delays -pulse_r 0 -pulse_int_r 0 xil_defaultlib.maintb xil_defaultlib.glbl -log elaborate.log 
Using 2 slave threads.
Starting static elaboration
Completed static elaboration
Starting simulation data flow analysis
Completed simulation data flow analysis
INFO: [XSIM 43-3451] SDF backannotation process started with SDF file "maintb_time_impl.sdf", for root module "maintb/test".
INFO: [XSIM 43-3452] SDF backannotation was successful for SDF file "maintb_time_impl.sdf", for root module "maintb/test".
Time Resolution for simulation is 1ps
Compiling module simprims_ver.OBUF
Compiling module simprims_ver.IBUF
Compiling module simprims_ver.BUFG
Compiling module simprims_ver.GND
Compiling module simprims_ver.sffsrce_fdre
Compiling module simprims_ver.FDRE
Compiling module simprims_ver.FDRE(INIT=1'b1)
Compiling module simprims_ver.LUT4
Compiling module simprims_ver.x_lut3_mux4
Compiling module simprims_ver.x_lut3_mux4_reduced_0
Compiling module simprims_ver.LUT3
Compiling module xil_defaultlib.sevenseg
Compiling module simprims_ver.x_lut1_mux2
Compiling module simprims_ver.LUT1
Compiling module xil_defaultlib.clockdivider
Compiling module simprims_ver.LUT6
Compiling module simprims_ver.x_lut2_mux4
Compiling module simprims_ver.LUT2
Compiling module simprims_ver.CARRY4
Compiling module xil_defaultlib.CLK_1s
Compiling module xil_defaultlib.main
Compiling module xil_defaultlib.maintb
Compiling module xil_defaultlib.glbl
Waiting for 3 sub-compilation(s) to finish...
Built simulation snapshot maintb_time_impl
